<?xml version="1.0" encoding="UTF-8"?>
<testsuite name="mocks.ejercicio2.TestIPBlackList" tests="4" skipped="0" failures="0" errors="0" timestamp="2025-11-11T14:52:12" hostname="alieni" time="0.115">
  <properties/>
  <testcase name="test1()" classname="mocks.ejercicio2.TestIPBlackList" time="0.098"/>
  <testcase name="test2()" classname="mocks.ejercicio2.TestIPBlackList" time="0.002"/>
  <testcase name="test3()" classname="mocks.ejercicio2.TestIPBlackList" time="0.003"/>
  <testcase name="test4()" classname="mocks.ejercicio2.TestIPBlackList" time="0.003"/>
  <system-out><![CDATA[]]></system-out>
  <system-err><![CDATA[]]></system-err>
</testsuite>
