<?xml version="1.0" encoding="UTF-8"?>
<testsuite name="testing.partition.practico.ejercicio5.TestBoundedQueue" tests="8" skipped="0" failures="0" errors="0" timestamp="2025-11-02T23:54:54" hostname="alieni" time="0.065">
  <properties/>
  <testcase name="basicTest()" classname="testing.partition.practico.ejercicio5.TestBoundedQueue" time="0.033"/>
  <testcase name="emptyQueue()" classname="testing.partition.practico.ejercicio5.TestBoundedQueue" time="0.004"/>
  <testcase name="enQueueWithFullQueue()" classname="testing.partition.practico.ejercicio5.TestBoundedQueue" time="0.003"/>
  <testcase name="isFullWithFullQueue()" classname="testing.partition.practico.ejercicio5.TestBoundedQueue" time="0.002"/>
  <testcase name="isEmptyWithEmptyQueue()" classname="testing.partition.practico.ejercicio5.TestBoundedQueue" time="0.001"/>
  <testcase name="illegalQueue()" classname="testing.partition.practico.ejercicio5.TestBoundedQueue" time="0.003"/>
  <testcase name="enQueueWithNull()" classname="testing.partition.practico.ejercicio5.TestBoundedQueue" time="0.003"/>
  <testcase name="deQueueWithEmptyQueue()" classname="testing.partition.practico.ejercicio5.TestBoundedQueue" time="0.002"/>
  <system-out><![CDATA[]]></system-out>
  <system-err><![CDATA[]]></system-err>
</testsuite>
